[debug] [2021-05-21T16:41:35.149Z] ----------------------------------------------------------------------
[debug] [2021-05-21T16:41:35.154Z] Command:       C:\Program Files\nodejs\node.exe C:\Users\harsh\AppData\Roaming\npm\node_modules\firebase-tools\lib\bin\firebase.js init
[debug] [2021-05-21T16:41:35.154Z] CLI Version:   9.11.0
[debug] [2021-05-21T16:41:35.155Z] Platform:      win32
[debug] [2021-05-21T16:41:35.155Z] Node Version:  v12.18.2
[debug] [2021-05-21T16:41:35.157Z] Time:          Fri May 21 2021 22:11:35 GMT+0530 (India Standard Time)
[debug] [2021-05-21T16:41:35.157Z] ----------------------------------------------------------------------
[debug] 
[debug] [2021-05-21T16:41:35.173Z] > command requires scopes: ["email","openid","https://www.googleapis.com/auth/cloudplatformprojects.readonly","https://www.googleapis.com/auth/firebase","https://www.googleapis.com/auth/cloud-platform"]
[debug] [2021-05-21T16:41:35.173Z] > authorizing via signed-in user (brucewayne18112000@gmail.com)
[info] 
     ######## #### ########  ######## ########     ###     ######  ########
     ##        ##  ##     ## ##       ##     ##  ##   ##  ##       ##
     ######    ##  ########  ######   ########  #########  ######  ######
     ##        ##  ##    ##  ##       ##     ## ##     ##       ## ##
     ##       #### ##     ## ######## ########  ##     ##  ######  ########

You're about to initialize a Firebase project in this directory:

  C:\Users\harsh\Desktop\code\ReactNative\Signal-Clone-App\signal-clone

Before we get started, keep in mind:

  * You are initializing in an existing Firebase project directory

